<?xml version="1.0" encoding="UTF-8"?>
<testng-results skipped="0" failed="0" ignored="0" total="1" passed="1">
  <reporter-output>
  </reporter-output>
  <suite name="Surefire suite" duration-ms="24" started-at="2021-04-22T07:48:24Z" finished-at="2021-04-22T07:48:24Z">
    <groups>
    </groups>
    <test name="Surefire test" duration-ms="24" started-at="2021-04-22T07:48:24Z" finished-at="2021-04-22T07:48:24Z">
      <class name="cmdproject.CmdProjectDemoTest">
        <test-method status="PASS" signature="demo()[pri:0, instance:cmdproject.CmdProjectDemoTest@15975490]" name="demo" duration-ms="5" started-at="2021-04-22T07:48:24Z" finished-at="2021-04-22T07:48:24Z">
          <reporter-output>
          </reporter-output>
        </test-method> <!-- demo -->
      </class> <!-- cmdproject.CmdProjectDemoTest -->
    </test> <!-- Surefire test -->
  </suite> <!-- Surefire suite -->
</testng-results>
