<?xml version="1.0" encoding="UTF-8"?>
<testng-results skipped="0" failed="0" ignored="0" total="1" passed="1">
  <reporter-output>
  </reporter-output>
  <suite name="Default suite" duration-ms="28" started-at="2021-04-22T07:28:31Z" finished-at="2021-04-22T07:28:31Z">
    <groups>
    </groups>
    <test name="Default test" duration-ms="28" started-at="2021-04-22T07:28:31Z" finished-at="2021-04-22T07:28:31Z">
      <class name="cmdproject.cmdProjectDemo">
        <test-method status="PASS" signature="demo()[pri:0, instance:cmdproject.cmdProjectDemo@39aeed2f]" name="demo" duration-ms="8" started-at="2021-04-22T07:28:31Z" finished-at="2021-04-22T07:28:31Z">
          <reporter-output>
          </reporter-output>
        </test-method> <!-- demo -->
      </class> <!-- cmdproject.cmdProjectDemo -->
    </test> <!-- Default test -->
  </suite> <!-- Default suite -->
</testng-results>
